<?xml version="1.0" encoding="UTF-8"?>
<testsuite xmlns:xsi="http://www.w3.org/2001/XMLSchema-instance" xsi:noNamespaceSchemaLocation="https://maven.apache.org/surefire/maven-surefire-plugin/xsd/surefire-test-report-3.0.xsd" version="3.0" name="com.schoolFllow.newTest" time="2.97" tests="3" errors="0" skipped="0" failures="0">
  <properties>
    <property name="java.specification.version" value="20"/>
    <property name="sun.cpu.isalist" value="amd64"/>
    <property name="sun.jnu.encoding" value="GBK"/>
    <property name="java.class.path" value="E:\alumni-managment\springboot-alumni\target\test-classes;E:\alumni-managment\springboot-alumni\target\classes;C:\Users\Ricklos\.m2\repository\com\mysql\mysql-connector-j\8.1.0\mysql-connector-j-8.1.0.jar;C:\Users\Ricklos\.m2\repository\com\google\protobuf\protobuf-java\3.21.9\protobuf-java-3.21.9.jar;C:\Users\Ricklos\.m2\repository\org\springframework\boot\spring-boot-starter\3.1.5\spring-boot-starter-3.1.5.jar;C:\Users\Ricklos\.m2\repository\org\springframework\boot\spring-boot\3.1.5\spring-boot-3.1.5.jar;C:\Users\Ricklos\.m2\repository\org\springframework\spring-context\6.0.13\spring-context-6.0.13.jar;C:\Users\Ricklos\.m2\repository\org\springframework\boot\spring-boot-autoconfigure\3.1.5\spring-boot-autoconfigure-3.1.5.jar;C:\Users\Ricklos\.m2\repository\org\springframework\boot\spring-boot-starter-logging\3.1.5\spring-boot-starter-logging-3.1.5.jar;C:\Users\Ricklos\.m2\repository\ch\qos\logback\logback-classic\1.4.11\logback-classic-1.4.11.jar;C:\Users\Ricklos\.m2\repository\ch\qos\logback\logback-core\1.4.11\logback-core-1.4.11.jar;C:\Users\Ricklos\.m2\repository\org\apache\logging\log4j\log4j-to-slf4j\2.20.0\log4j-to-slf4j-2.20.0.jar;C:\Users\Ricklos\.m2\repository\org\apache\logging\log4j\log4j-api\2.20.0\log4j-api-2.20.0.jar;C:\Users\Ricklos\.m2\repository\org\slf4j\jul-to-slf4j\2.0.9\jul-to-slf4j-2.0.9.jar;C:\Users\Ricklos\.m2\repository\jakarta\annotation\jakarta.annotation-api\2.1.1\jakarta.annotation-api-2.1.1.jar;C:\Users\Ricklos\.m2\repository\org\springframework\spring-core\6.0.13\spring-core-6.0.13.jar;C:\Users\Ricklos\.m2\repository\org\springframework\spring-jcl\6.0.13\spring-jcl-6.0.13.jar;C:\Users\Ricklos\.m2\repository\org\yaml\snakeyaml\1.33\snakeyaml-1.33.jar;C:\Users\Ricklos\.m2\repository\org\springframework\boot\spring-boot-starter-web\3.1.5\spring-boot-starter-web-3.1.5.jar;C:\Users\Ricklos\.m2\repository\org\springframework\boot\spring-boot-starter-json\3.1.5\spring-boot-starter-json-3.1.5.jar;C:\Users\Ricklos\.m2\repository\com\fasterxml\jackson\core\jackson-databind\2.15.3\jackson-databind-2.15.3.jar;C:\Users\Ricklos\.m2\repository\com\fasterxml\jackson\core\jackson-annotations\2.15.3\jackson-annotations-2.15.3.jar;C:\Users\Ricklos\.m2\repository\com\fasterxml\jackson\core\jackson-core\2.15.3\jackson-core-2.15.3.jar;C:\Users\Ricklos\.m2\repository\com\fasterxml\jackson\datatype\jackson-datatype-jdk8\2.15.3\jackson-datatype-jdk8-2.15.3.jar;C:\Users\Ricklos\.m2\repository\com\fasterxml\jackson\datatype\jackson-datatype-jsr310\2.15.3\jackson-datatype-jsr310-2.15.3.jar;C:\Users\Ricklos\.m2\repository\com\fasterxml\jackson\module\jackson-module-parameter-names\2.15.3\jackson-module-parameter-names-2.15.3.jar;C:\Users\Ricklos\.m2\repository\org\springframework\boot\spring-boot-starter-tomcat\3.1.5\spring-boot-starter-tomcat-3.1.5.jar;C:\Users\Ricklos\.m2\repository\org\apache\tomcat\embed\tomcat-embed-core\10.1.15\tomcat-embed-core-10.1.15.jar;C:\Users\Ricklos\.m2\repository\org\apache\tomcat\embed\tomcat-embed-el\10.1.15\tomcat-embed-el-10.1.15.jar;C:\Users\Ricklos\.m2\repository\org\apache\tomcat\embed\tomcat-embed-websocket\10.1.15\tomcat-embed-websocket-10.1.15.jar;C:\Users\Ricklos\.m2\repository\org\springframework\spring-web\6.0.13\spring-web-6.0.13.jar;C:\Users\Ricklos\.m2\repository\org\springframework\spring-beans\6.0.13\spring-beans-6.0.13.jar;C:\Users\Ricklos\.m2\repository\io\micrometer\micrometer-observation\1.10.12\micrometer-observation-1.10.12.jar;C:\Users\Ricklos\.m2\repository\io\micrometer\micrometer-commons\1.10.12\micrometer-commons-1.10.12.jar;C:\Users\Ricklos\.m2\repository\org\springframework\spring-webmvc\6.0.13\spring-webmvc-6.0.13.jar;C:\Users\Ricklos\.m2\repository\org\springframework\spring-aop\6.0.13\spring-aop-6.0.13.jar;C:\Users\Ricklos\.m2\repository\org\springframework\spring-expression\6.0.13\spring-expression-6.0.13.jar;C:\Users\Ricklos\.m2\repository\org\springframework\boot\spring-boot-starter-test\3.1.5\spring-boot-starter-test-3.1.5.jar;C:\Users\Ricklos\.m2\repository\org\springframework\boot\spring-boot-test\3.1.5\spring-boot-test-3.1.5.jar;C:\Users\Ricklos\.m2\repository\org\springframework\boot\spring-boot-test-autoconfigure\3.1.5\spring-boot-test-autoconfigure-3.1.5.jar;C:\Users\Ricklos\.m2\repository\com\jayway\jsonpath\json-path\2.8.0\json-path-2.8.0.jar;C:\Users\Ricklos\.m2\repository\jakarta\xml\bind\jakarta.xml.bind-api\4.0.1\jakarta.xml.bind-api-4.0.1.jar;C:\Users\Ricklos\.m2\repository\jakarta\activation\jakarta.activation-api\2.1.2\jakarta.activation-api-2.1.2.jar;C:\Users\Ricklos\.m2\repository\net\minidev\json-smart\2.4.11\json-smart-2.4.11.jar;C:\Users\Ricklos\.m2\repository\net\minidev\accessors-smart\2.4.11\accessors-smart-2.4.11.jar;C:\Users\Ricklos\.m2\repository\org\ow2\asm\asm\9.3\asm-9.3.jar;C:\Users\Ricklos\.m2\repository\org\assertj\assertj-core\3.24.2\assertj-core-3.24.2.jar;C:\Users\Ricklos\.m2\repository\net\bytebuddy\byte-buddy\1.12.21\byte-buddy-1.12.21.jar;C:\Users\Ricklos\.m2\repository\org\hamcrest\hamcrest\2.2\hamcrest-2.2.jar;C:\Users\Ricklos\.m2\repository\org\junit\jupiter\junit-jupiter\5.9.3\junit-jupiter-5.9.3.jar;C:\Users\Ricklos\.m2\repository\org\junit\jupiter\junit-jupiter-api\5.9.3\junit-jupiter-api-5.9.3.jar;C:\Users\Ricklos\.m2\repository\org\opentest4j\opentest4j\1.2.0\opentest4j-1.2.0.jar;C:\Users\Ricklos\.m2\repository\org\junit\platform\junit-platform-commons\1.9.3\junit-platform-commons-1.9.3.jar;C:\Users\Ricklos\.m2\repository\org\apiguardian\apiguardian-api\1.1.2\apiguardian-api-1.1.2.jar;C:\Users\Ricklos\.m2\repository\org\junit\jupiter\junit-jupiter-params\5.9.3\junit-jupiter-params-5.9.3.jar;C:\Users\Ricklos\.m2\repository\org\junit\jupiter\junit-jupiter-engine\5.9.3\junit-jupiter-engine-5.9.3.jar;C:\Users\Ricklos\.m2\repository\org\junit\platform\junit-platform-engine\1.9.3\junit-platform-engine-1.9.3.jar;C:\Users\Ricklos\.m2\repository\org\mockito\mockito-core\5.3.1\mockito-core-5.3.1.jar;C:\Users\Ricklos\.m2\repository\net\bytebuddy\byte-buddy-agent\1.14.4\byte-buddy-agent-1.14.4.jar;C:\Users\Ricklos\.m2\repository\org\objenesis\objenesis\3.3\objenesis-3.3.jar;C:\Users\Ricklos\.m2\repository\org\mockito\mockito-junit-jupiter\5.3.1\mockito-junit-jupiter-5.3.1.jar;C:\Users\Ricklos\.m2\repository\org\skyscreamer\jsonassert\1.5.1\jsonassert-1.5.1.jar;C:\Users\Ricklos\.m2\repository\com\vaadin\external\google\android-json\0.0.20131108.vaadin1\android-json-0.0.20131108.vaadin1.jar;C:\Users\Ricklos\.m2\repository\org\springframework\spring-test\6.0.13\spring-test-6.0.13.jar;C:\Users\Ricklos\.m2\repository\org\xmlunit\xmlunit-core\2.9.1\xmlunit-core-2.9.1.jar;C:\Users\Ricklos\.m2\repository\com\baomidou\mybatis-plus-boot-starter\3.5.4\mybatis-plus-boot-starter-3.5.4.jar;C:\Users\Ricklos\.m2\repository\com\baomidou\mybatis-plus\3.5.4\mybatis-plus-3.5.4.jar;C:\Users\Ricklos\.m2\repository\com\baomidou\mybatis-plus-core\3.5.4\mybatis-plus-core-3.5.4.jar;C:\Users\Ricklos\.m2\repository\com\baomidou\mybatis-plus-annotation\3.5.4\mybatis-plus-annotation-3.5.4.jar;C:\Users\Ricklos\.m2\repository\com\baomidou\mybatis-plus-extension\3.5.4\mybatis-plus-extension-3.5.4.jar;C:\Users\Ricklos\.m2\repository\org\mybatis\mybatis\3.5.13\mybatis-3.5.13.jar;C:\Users\Ricklos\.m2\repository\com\github\jsqlparser\jsqlparser\4.6\jsqlparser-4.6.jar;C:\Users\Ricklos\.m2\repository\org\mybatis\mybatis-spring\2.1.1\mybatis-spring-2.1.1.jar;C:\Users\Ricklos\.m2\repository\com\baomidou\mybatis-plus-spring-boot-autoconfigure\3.5.4\mybatis-plus-spring-boot-autoconfigure-3.5.4.jar;C:\Users\Ricklos\.m2\repository\org\springframework\boot\spring-boot-starter-jdbc\2.7.15\spring-boot-starter-jdbc-2.7.15.jar;C:\Users\Ricklos\.m2\repository\com\zaxxer\HikariCP\4.0.3\HikariCP-4.0.3.jar;C:\Users\Ricklos\.m2\repository\org\springframework\spring-jdbc\5.3.29\spring-jdbc-5.3.29.jar;C:\Users\Ricklos\.m2\repository\org\springframework\spring-tx\5.3.29\spring-tx-5.3.29.jar;C:\Users\Ricklos\.m2\repository\org\projectlombok\lombok\1.18.28\lombok-1.18.28.jar;C:\Users\Ricklos\.m2\repository\org\slf4j\slf4j-api\2.0.9\slf4j-api-2.0.9.jar;"/>
    <property name="java.vm.vendor" value="Oracle Corporation"/>
    <property name="sun.arch.data.model" value="64"/>
    <property name="user.variant" value=""/>
    <property name="java.vendor.url" value="https://java.oracle.com/"/>
    <property name="user.timezone" value="Asia/Shanghai"/>
    <property name="os.name" value="Windows 11"/>
    <property name="java.vm.specification.version" value="20"/>
    <property name="sun.java.launcher" value="SUN_STANDARD"/>
    <property name="user.country" value="CN"/>
    <property name="sun.boot.library.path" value="C:\Java\jdk-20.0.2\bin"/>
    <property name="sun.java.command" value="C:\Users\Ricklos\AppData\Local\Temp\surefire16392240277431351231\surefirebooter-20231104172046933_3.jar C:\Users\Ricklos\AppData\Local\Temp\surefire16392240277431351231 2023-11-04T17-20-42_419-jvmRun1 surefire-20231104172046933_1tmp surefire_0-20231104172046933_2tmp"/>
    <property name="jdk.debug" value="release"/>
    <property name="surefire.test.class.path" value="E:\alumni-managment\springboot-alumni\target\test-classes;E:\alumni-managment\springboot-alumni\target\classes;C:\Users\Ricklos\.m2\repository\com\mysql\mysql-connector-j\8.1.0\mysql-connector-j-8.1.0.jar;C:\Users\Ricklos\.m2\repository\com\google\protobuf\protobuf-java\3.21.9\protobuf-java-3.21.9.jar;C:\Users\Ricklos\.m2\repository\org\springframework\boot\spring-boot-starter\3.1.5\spring-boot-starter-3.1.5.jar;C:\Users\Ricklos\.m2\repository\org\springframework\boot\spring-boot\3.1.5\spring-boot-3.1.5.jar;C:\Users\Ricklos\.m2\repository\org\springframework\spring-context\6.0.13\spring-context-6.0.13.jar;C:\Users\Ricklos\.m2\repository\org\springframework\boot\spring-boot-autoconfigure\3.1.5\spring-boot-autoconfigure-3.1.5.jar;C:\Users\Ricklos\.m2\repository\org\springframework\boot\spring-boot-starter-logging\3.1.5\spring-boot-starter-logging-3.1.5.jar;C:\Users\Ricklos\.m2\repository\ch\qos\logback\logback-classic\1.4.11\logback-classic-1.4.11.jar;C:\Users\Ricklos\.m2\repository\ch\qos\logback\logback-core\1.4.11\logback-core-1.4.11.jar;C:\Users\Ricklos\.m2\repository\org\apache\logging\log4j\log4j-to-slf4j\2.20.0\log4j-to-slf4j-2.20.0.jar;C:\Users\Ricklos\.m2\repository\org\apache\logging\log4j\log4j-api\2.20.0\log4j-api-2.20.0.jar;C:\Users\Ricklos\.m2\repository\org\slf4j\jul-to-slf4j\2.0.9\jul-to-slf4j-2.0.9.jar;C:\Users\Ricklos\.m2\repository\jakarta\annotation\jakarta.annotation-api\2.1.1\jakarta.annotation-api-2.1.1.jar;C:\Users\Ricklos\.m2\repository\org\springframework\spring-core\6.0.13\spring-core-6.0.13.jar;C:\Users\Ricklos\.m2\repository\org\springframework\spring-jcl\6.0.13\spring-jcl-6.0.13.jar;C:\Users\Ricklos\.m2\repository\org\yaml\snakeyaml\1.33\snakeyaml-1.33.jar;C:\Users\Ricklos\.m2\repository\org\springframework\boot\spring-boot-starter-web\3.1.5\spring-boot-starter-web-3.1.5.jar;C:\Users\Ricklos\.m2\repository\org\springframework\boot\spring-boot-starter-json\3.1.5\spring-boot-starter-json-3.1.5.jar;C:\Users\Ricklos\.m2\repository\com\fasterxml\jackson\core\jackson-databind\2.15.3\jackson-databind-2.15.3.jar;C:\Users\Ricklos\.m2\repository\com\fasterxml\jackson\core\jackson-annotations\2.15.3\jackson-annotations-2.15.3.jar;C:\Users\Ricklos\.m2\repository\com\fasterxml\jackson\core\jackson-core\2.15.3\jackson-core-2.15.3.jar;C:\Users\Ricklos\.m2\repository\com\fasterxml\jackson\datatype\jackson-datatype-jdk8\2.15.3\jackson-datatype-jdk8-2.15.3.jar;C:\Users\Ricklos\.m2\repository\com\fasterxml\jackson\datatype\jackson-datatype-jsr310\2.15.3\jackson-datatype-jsr310-2.15.3.jar;C:\Users\Ricklos\.m2\repository\com\fasterxml\jackson\module\jackson-module-parameter-names\2.15.3\jackson-module-parameter-names-2.15.3.jar;C:\Users\Ricklos\.m2\repository\org\springframework\boot\spring-boot-starter-tomcat\3.1.5\spring-boot-starter-tomcat-3.1.5.jar;C:\Users\Ricklos\.m2\repository\org\apache\tomcat\embed\tomcat-embed-core\10.1.15\tomcat-embed-core-10.1.15.jar;C:\Users\Ricklos\.m2\repository\org\apache\tomcat\embed\tomcat-embed-el\10.1.15\tomcat-embed-el-10.1.15.jar;C:\Users\Ricklos\.m2\repository\org\apache\tomcat\embed\tomcat-embed-websocket\10.1.15\tomcat-embed-websocket-10.1.15.jar;C:\Users\Ricklos\.m2\repository\org\springframework\spring-web\6.0.13\spring-web-6.0.13.jar;C:\Users\Ricklos\.m2\repository\org\springframework\spring-beans\6.0.13\spring-beans-6.0.13.jar;C:\Users\Ricklos\.m2\repository\io\micrometer\micrometer-observation\1.10.12\micrometer-observation-1.10.12.jar;C:\Users\Ricklos\.m2\repository\io\micrometer\micrometer-commons\1.10.12\micrometer-commons-1.10.12.jar;C:\Users\Ricklos\.m2\repository\org\springframework\spring-webmvc\6.0.13\spring-webmvc-6.0.13.jar;C:\Users\Ricklos\.m2\repository\org\springframework\spring-aop\6.0.13\spring-aop-6.0.13.jar;C:\Users\Ricklos\.m2\repository\org\springframework\spring-expression\6.0.13\spring-expression-6.0.13.jar;C:\Users\Ricklos\.m2\repository\org\springframework\boot\spring-boot-starter-test\3.1.5\spring-boot-starter-test-3.1.5.jar;C:\Users\Ricklos\.m2\repository\org\springframework\boot\spring-boot-test\3.1.5\spring-boot-test-3.1.5.jar;C:\Users\Ricklos\.m2\repository\org\springframework\boot\spring-boot-test-autoconfigure\3.1.5\spring-boot-test-autoconfigure-3.1.5.jar;C:\Users\Ricklos\.m2\repository\com\jayway\jsonpath\json-path\2.8.0\json-path-2.8.0.jar;C:\Users\Ricklos\.m2\repository\jakarta\xml\bind\jakarta.xml.bind-api\4.0.1\jakarta.xml.bind-api-4.0.1.jar;C:\Users\Ricklos\.m2\repository\jakarta\activation\jakarta.activation-api\2.1.2\jakarta.activation-api-2.1.2.jar;C:\Users\Ricklos\.m2\repository\net\minidev\json-smart\2.4.11\json-smart-2.4.11.jar;C:\Users\Ricklos\.m2\repository\net\minidev\accessors-smart\2.4.11\accessors-smart-2.4.11.jar;C:\Users\Ricklos\.m2\repository\org\ow2\asm\asm\9.3\asm-9.3.jar;C:\Users\Ricklos\.m2\repository\org\assertj\assertj-core\3.24.2\assertj-core-3.24.2.jar;C:\Users\Ricklos\.m2\repository\net\bytebuddy\byte-buddy\1.12.21\byte-buddy-1.12.21.jar;C:\Users\Ricklos\.m2\repository\org\hamcrest\hamcrest\2.2\hamcrest-2.2.jar;C:\Users\Ricklos\.m2\repository\org\junit\jupiter\junit-jupiter\5.9.3\junit-jupiter-5.9.3.jar;C:\Users\Ricklos\.m2\repository\org\junit\jupiter\junit-jupiter-api\5.9.3\junit-jupiter-api-5.9.3.jar;C:\Users\Ricklos\.m2\repository\org\opentest4j\opentest4j\1.2.0\opentest4j-1.2.0.jar;C:\Users\Ricklos\.m2\repository\org\junit\platform\junit-platform-commons\1.9.3\junit-platform-commons-1.9.3.jar;C:\Users\Ricklos\.m2\repository\org\apiguardian\apiguardian-api\1.1.2\apiguardian-api-1.1.2.jar;C:\Users\Ricklos\.m2\repository\org\junit\jupiter\junit-jupiter-params\5.9.3\junit-jupiter-params-5.9.3.jar;C:\Users\Ricklos\.m2\repository\org\junit\jupiter\junit-jupiter-engine\5.9.3\junit-jupiter-engine-5.9.3.jar;C:\Users\Ricklos\.m2\repository\org\junit\platform\junit-platform-engine\1.9.3\junit-platform-engine-1.9.3.jar;C:\Users\Ricklos\.m2\repository\org\mockito\mockito-core\5.3.1\mockito-core-5.3.1.jar;C:\Users\Ricklos\.m2\repository\net\bytebuddy\byte-buddy-agent\1.14.4\byte-buddy-agent-1.14.4.jar;C:\Users\Ricklos\.m2\repository\org\objenesis\objenesis\3.3\objenesis-3.3.jar;C:\Users\Ricklos\.m2\repository\org\mockito\mockito-junit-jupiter\5.3.1\mockito-junit-jupiter-5.3.1.jar;C:\Users\Ricklos\.m2\repository\org\skyscreamer\jsonassert\1.5.1\jsonassert-1.5.1.jar;C:\Users\Ricklos\.m2\repository\com\vaadin\external\google\android-json\0.0.20131108.vaadin1\android-json-0.0.20131108.vaadin1.jar;C:\Users\Ricklos\.m2\repository\org\springframework\spring-test\6.0.13\spring-test-6.0.13.jar;C:\Users\Ricklos\.m2\repository\org\xmlunit\xmlunit-core\2.9.1\xmlunit-core-2.9.1.jar;C:\Users\Ricklos\.m2\repository\com\baomidou\mybatis-plus-boot-starter\3.5.4\mybatis-plus-boot-starter-3.5.4.jar;C:\Users\Ricklos\.m2\repository\com\baomidou\mybatis-plus\3.5.4\mybatis-plus-3.5.4.jar;C:\Users\Ricklos\.m2\repository\com\baomidou\mybatis-plus-core\3.5.4\mybatis-plus-core-3.5.4.jar;C:\Users\Ricklos\.m2\repository\com\baomidou\mybatis-plus-annotation\3.5.4\mybatis-plus-annotation-3.5.4.jar;C:\Users\Ricklos\.m2\repository\com\baomidou\mybatis-plus-extension\3.5.4\mybatis-plus-extension-3.5.4.jar;C:\Users\Ricklos\.m2\repository\org\mybatis\mybatis\3.5.13\mybatis-3.5.13.jar;C:\Users\Ricklos\.m2\repository\com\github\jsqlparser\jsqlparser\4.6\jsqlparser-4.6.jar;C:\Users\Ricklos\.m2\repository\org\mybatis\mybatis-spring\2.1.1\mybatis-spring-2.1.1.jar;C:\Users\Ricklos\.m2\repository\com\baomidou\mybatis-plus-spring-boot-autoconfigure\3.5.4\mybatis-plus-spring-boot-autoconfigure-3.5.4.jar;C:\Users\Ricklos\.m2\repository\org\springframework\boot\spring-boot-starter-jdbc\2.7.15\spring-boot-starter-jdbc-2.7.15.jar;C:\Users\Ricklos\.m2\repository\com\zaxxer\HikariCP\4.0.3\HikariCP-4.0.3.jar;C:\Users\Ricklos\.m2\repository\org\springframework\spring-jdbc\5.3.29\spring-jdbc-5.3.29.jar;C:\Users\Ricklos\.m2\repository\org\springframework\spring-tx\5.3.29\spring-tx-5.3.29.jar;C:\Users\Ricklos\.m2\repository\org\projectlombok\lombok\1.18.28\lombok-1.18.28.jar;C:\Users\Ricklos\.m2\repository\org\slf4j\slf4j-api\2.0.9\slf4j-api-2.0.9.jar;"/>
    <property name="sun.cpu.endian" value="little"/>
    <property name="user.home" value="C:\Users\Ricklos"/>
    <property name="user.language" value="zh"/>
    <property name="java.specification.vendor" value="Oracle Corporation"/>
    <property name="java.version.date" value="2023-07-18"/>
    <property name="java.home" value="C:\Java\jdk-20.0.2"/>
    <property name="file.separator" value="\"/>
    <property name="basedir" value="E:\alumni-managment\springboot-alumni"/>
    <property name="java.vm.compressedOopsMode" value="Zero based"/>
    <property name="line.separator" value="&#10;"/>
    <property name="java.vm.specification.vendor" value="Oracle Corporation"/>
    <property name="java.specification.name" value="Java Platform API Specification"/>
    <property name="FILE_LOG_CHARSET" value="UTF-8"/>
    <property name="java.awt.headless" value="true"/>
    <property name="surefire.real.class.path" value="C:\Users\Ricklos\AppData\Local\Temp\surefire16392240277431351231\surefirebooter-20231104172046933_3.jar"/>
    <property name="user.script" value=""/>
    <property name="sun.management.compiler" value="HotSpot 64-Bit Tiered Compilers"/>
    <property name="java.runtime.version" value="20.0.2+9-78"/>
    <property name="user.name" value="Ricklos"/>
    <property name="stdout.encoding" value="GBK"/>
    <property name="path.separator" value=";"/>
    <property name="os.version" value="10.0"/>
    <property name="java.runtime.name" value="Java(TM) SE Runtime Environment"/>
    <property name="file.encoding" value="UTF-8"/>
    <property name="java.vm.name" value="Java HotSpot(TM) 64-Bit Server VM"/>
    <property name="localRepository" value="C:\Users\Ricklos\.m2\repository"/>
    <property name="java.vendor.url.bug" value="https://bugreport.java.com/bugreport/"/>
    <property name="java.io.tmpdir" value="C:\Users\Ricklos\AppData\Local\Temp\"/>
    <property name="idea.version" value="2023.2.4"/>
    <property name="com.zaxxer.hikari.pool_number" value="1"/>
    <property name="java.version" value="20.0.2"/>
    <property name="user.dir" value="E:\alumni-managment\springboot-alumni"/>
    <property name="os.arch" value="amd64"/>
    <property name="java.vm.specification.name" value="Java Virtual Machine Specification"/>
    <property name="PID" value="18084"/>
    <property name="sun.os.patch.level" value=""/>
    <property name="CONSOLE_LOG_CHARSET" value="UTF-8"/>
    <property name="native.encoding" value="GBK"/>
    <property name="java.library.path" value="C:\Java\jdk-20.0.2\bin;C:\Windows\Sun\Java\bin;C:\Windows\system32;C:\Windows;C:\Program Files (x86)\Common Files\Intel\Shared Libraries\redist\intel64\compiler;C:\Windows\System32\HWAudioDriverLibs;C:\Windows\system32;C:\Windows;C:\Windows\System32\Wbem;C:\Windows\System32\WindowsPowerShell\v1.0\;C:\Windows\System32\OpenSSH\;C:\Windows\system32\config\systemprofile\AppData\Local\Microsoft\WindowsApps;C:\Windows\system32;C:\Windows;C:\Windows\System32\Wbem;C:\Windows\System32\WindowsPowerShell\v1.0\;C:\Windows\System32\OpenSSH\;C:\Users\Ricklos\Documents\ffmpeg-master-latest-win64-gpl\bin;D:\ACE Studio;C:\Program Files\nodejs\;C:\Program Files (x86)\Yarn\bin\;C:\Program Files\dotnet\;C:\Java\jdk-20.0.2\bin;D:\mysql-8.0.34-winx64\bin;C:\mingw64\bin;%MAVEN_HOME\bin;C:\apache-maven-3.9.5\bin;C:\Users\Ricklos\AppData\Local\Programs\Python\Python311\Scripts\;C:\Users\Ricklos\AppData\Local\Programs\Python\Python311\;C:\Users\Ricklos\AppData\Local\Microsoft\WindowsApps;D:\PyCharm Community Edition 2022.3\bin;;D:\MySQL\ServerInstall\bin;C:\Users\Ricklos\AppData\Local\Programs\Python\Python311\Lib\site-packages\pyqt5_tools;C:\Users\Ricklos\AppData\Roaming\npm;C:\Users\Ricklos\AppData\Local\Yarn\bin;C:\Users\Ricklos\.dotnet\tools;C:\Users\Ricklos\AppData\Local\Programs\Microsoft VS Code\bin;."/>
    <property name="java.vm.info" value="mixed mode, sharing"/>
    <property name="stderr.encoding" value="GBK"/>
    <property name="java.vendor" value="Oracle Corporation"/>
    <property name="java.vm.version" value="20.0.2+9-78"/>
    <property name="sun.io.unicode.encoding" value="UnicodeLittle"/>
    <property name="java.class.version" value="64.0"/>
  </properties>
  <testcase name="testAC2" classname="com.schoolFllow.newTest" time="1.038">
    <system-out><![CDATA[17:20:47.642 [main] INFO org.springframework.test.context.support.AnnotationConfigContextLoaderUtils -- Could not detect default configuration classes for test class [com.schoolFllow.newTest]: newTest does not declare any static, non-private, non-final, nested classes annotated with @Configuration.
17:20:47.718 [main] INFO org.springframework.boot.test.context.SpringBootTestContextBootstrapper -- Found @SpringBootConfiguration com.schoolFllow.schoolApplication for test class com.schoolFllow.newTest
   __
   )|     _________________________.------,_                  _
 _/o|_____/  ,_____________.__;__,__,__,__,_Y...:::---===````//
|==========\  ;  ;  ;  ;  ; \__,__\__,_____ --__,-.\(=~\(=)\((
           `-----------|__,__/__,__/__/  )=))~((   '-\=(\&(~\\\
                         \ ==== \          \\~~\\     \~~)[JW]\\
                         `| === |           ))~~\\     ```"""=,))
     AK47                 | === |           |'---')
                         / ==== /           `====='
                        ´------´
2023-11-04T17:20:48.024+08:00  INFO 18084 --- [           main] com.schoolFllow.newTest                  : Starting newTest using Java 20.0.2 with PID 18084 (started by Ricklos in E:\alumni-managment\springboot-alumni)
2023-11-04T17:20:48.028+08:00  INFO 18084 --- [           main] com.schoolFllow.newTest                  : No active profile set, falling back to 1 default profile: "default"
Logging initialized using 'class org.apache.ibatis.logging.stdout.StdOutImpl' adapter.
Initialization Sequence datacenterId:29 workerId:30
 _ _   |_  _ _|_. ___ _ |    _ 
| | |\/|_)(_| | |_\  |_)||_|_\ 
     /               |         
                        3.5.4 
2023-11-04T17:20:49.406+08:00  INFO 18084 --- [           main] com.schoolFllow.newTest                  : Started newTest in 1.58 seconds (process running for 2.355)
Creating a new SqlSession
SqlSession [org.apache.ibatis.session.defaults.DefaultSqlSession@4f402027] was not registered for synchronization because synchronization is not active
2023-11-04T17:20:50.246+08:00  INFO 18084 --- [           main] com.zaxxer.hikari.HikariDataSource       : HikariPool-1 - Starting...
2023-11-04T17:20:50.387+08:00  INFO 18084 --- [           main] com.zaxxer.hikari.HikariDataSource       : HikariPool-1 - Start completed.
JDBC Connection [HikariProxyConnection@866589987 wrapping com.mysql.cj.jdbc.ConnectionImpl@23c05889] will not be managed by Spring
==>  Preparing: select * from activity where ac_title like concat('%', ?, '%');
==> Parameters: 书(String)
<==    Columns: ac_id, ac_title, ac_desc, alu_id, ac_create_time, ac_start_time, ac_end_time, ac_count, ac_status, ac_opinion
<==        Row: 1, 参观图书馆, 参观图书馆参观图书馆参观图书馆参观图书馆参观图书馆, 49, 2020-02-11 11:41:04, 2020-02-12 11:41:09, 2020-02-15 11:41:13, 6, 1, 审核通过
<==      Total: 1
Closing non transactional SqlSession [org.apache.ibatis.session.defaults.DefaultSqlSession@4f402027]
[Activity(acId=1, acTitle=参观图书馆, acDesc=参观图书馆参观图书馆参观图书馆参观图书馆参观图书馆, aluId=49, acCreateTime=2020-02-11T11:41:04, acStartTime=2020-02-12T11:41:09, acEndTime=2020-02-15T11:41:13, acCount=6, acStatus=1, acOpinion=审核通过)]
]]></system-out>
  </testcase>
  <testcase name="testAC" classname="com.schoolFllow.newTest" time="0.01">
    <system-out><![CDATA[Creating a new SqlSession
SqlSession [org.apache.ibatis.session.defaults.DefaultSqlSession@77ea960f] was not registered for synchronization because synchronization is not active
JDBC Connection [HikariProxyConnection@1595305774 wrapping com.mysql.cj.jdbc.ConnectionImpl@23c05889] will not be managed by Spring
==>  Preparing: select * from activity;
==> Parameters: 
<==    Columns: ac_id, ac_title, ac_desc, alu_id, ac_create_time, ac_start_time, ac_end_time, ac_count, ac_status, ac_opinion
<==        Row: 1, 参观图书馆, 参观图书馆参观图书馆参观图书馆参观图书馆参观图书馆, 49, 2020-02-11 11:41:04, 2020-02-12 11:41:09, 2020-02-15 11:41:13, 6, 1, 审核通过
<==        Row: 2, 新冠疫情防疫支援活动, 统计住户信息，对外来人员进行登记, 1, 2020-03-14 21:23:56, 2020-03-15 11:41:00, 2020-04-16 11:41:00, 2, 1, 审核通过
<==        Row: 3, 知识讲座活动, 这个知识讲座活动，欢迎踊跃报名, 1, 2020-03-14 21:28:43, 2020-03-17 10:00:00, 2020-03-17 12:00:00, 25, 1, 审核通过
<==        Row: 4, 就业指导活动, 帮助大四学生如何找工作, 1, 2020-03-15 21:08:50, 2020-03-16 10:00:00, 2020-03-17 14:00:00, 20, 1, 1111
<==        Row: 5, 毕设系统验收, 毕设系统验收毕设系统验收, 46, 2020-04-08 13:17:37, 2020-04-09 00:00:00, 2020-04-10 00:00:00, 31, 1, 审核通过
<==        Row: 6, 广州校友会聚餐, 广州校友会聚餐广州校友会聚餐, 45, 2020-04-08 14:08:22, 2020-04-09 00:00:00, 2020-04-09 10:00:00, 10, 1, 允许
<==        Row: 7, 毕设系统演示活动, 毕设系统演示活动毕设系统演示活动, 44, 2020-04-09 14:59:55, 2020-04-09 14:00:00, 2020-04-10 00:00:00, 11, 1, 审核通过
<==        Row: 9, 创建校友活动测试, 创建校友活动测试用例, 1, 2020-04-18 17:00:12, 2020-04-18 18:00:00, 2020-04-19 00:00:00, 1, 0, 1234
<==        Row: 10, 毕设盲审, 4-28到4-30进行论文盲审, 1, 2020-04-30 11:03:41, 2020-04-28 00:00:00, 2020-04-30 00:00:00, 20, 1, 123
<==      Total: 9
Closing non transactional SqlSession [org.apache.ibatis.session.defaults.DefaultSqlSession@77ea960f]
[Activity(acId=1, acTitle=参观图书馆, acDesc=参观图书馆参观图书馆参观图书馆参观图书馆参观图书馆, aluId=49, acCreateTime=2020-02-11T11:41:04, acStartTime=2020-02-12T11:41:09, acEndTime=2020-02-15T11:41:13, acCount=6, acStatus=1, acOpinion=审核通过), Activity(acId=2, acTitle=新冠疫情防疫支援活动, acDesc=统计住户信息，对外来人员进行登记, aluId=1, acCreateTime=2020-03-14T21:23:56, acStartTime=2020-03-15T11:41, acEndTime=2020-04-16T11:41, acCount=2, acStatus=1, acOpinion=审核通过), Activity(acId=3, acTitle=知识讲座活动, acDesc=这个知识讲座活动，欢迎踊跃报名, aluId=1, acCreateTime=2020-03-14T21:28:43, acStartTime=2020-03-17T10:00, acEndTime=2020-03-17T12:00, acCount=25, acStatus=1, acOpinion=审核通过), Activity(acId=4, acTitle=就业指导活动, acDesc=帮助大四学生如何找工作, aluId=1, acCreateTime=2020-03-15T21:08:50, acStartTime=2020-03-16T10:00, acEndTime=2020-03-17T14:00, acCount=20, acStatus=1, acOpinion=1111), Activity(acId=5, acTitle=毕设系统验收, acDesc=毕设系统验收毕设系统验收, aluId=46, acCreateTime=2020-04-08T13:17:37, acStartTime=2020-04-09T00:00, acEndTime=2020-04-10T00:00, acCount=31, acStatus=1, acOpinion=审核通过), Activity(acId=6, acTitle=广州校友会聚餐, acDesc=广州校友会聚餐广州校友会聚餐, aluId=45, acCreateTime=2020-04-08T14:08:22, acStartTime=2020-04-09T00:00, acEndTime=2020-04-09T10:00, acCount=10, acStatus=1, acOpinion=允许), Activity(acId=7, acTitle=毕设系统演示活动, acDesc=毕设系统演示活动毕设系统演示活动, aluId=44, acCreateTime=2020-04-09T14:59:55, acStartTime=2020-04-09T14:00, acEndTime=2020-04-10T00:00, acCount=11, acStatus=1, acOpinion=审核通过), Activity(acId=9, acTitle=创建校友活动测试, acDesc=创建校友活动测试用例, aluId=1, acCreateTime=2020-04-18T17:00:12, acStartTime=2020-04-18T18:00, acEndTime=2020-04-19T00:00, acCount=1, acStatus=0, acOpinion=1234), Activity(acId=10, acTitle=毕设盲审, acDesc=4-28到4-30进行论文盲审, aluId=1, acCreateTime=2020-04-30T11:03:41, acStartTime=2020-04-28T00:00, acEndTime=2020-04-30T00:00, acCount=20, acStatus=1, acOpinion=123)]
]]></system-out>
  </testcase>
  <testcase name="dddterst" classname="com.schoolFllow.newTest" time="0.009">
    <system-out><![CDATA[Creating a new SqlSession
SqlSession [org.apache.ibatis.session.defaults.DefaultSqlSession@4fafd27e] was not registered for synchronization because synchronization is not active
JDBC Connection [HikariProxyConnection@1825992554 wrapping com.mysql.cj.jdbc.ConnectionImpl@23c05889] will not be managed by Spring
==>  Preparing: select * from Alumni;
==> Parameters: 
<==    Columns: id, name, password, sex, native_place, enrollment_year, graduated_year, graduated_department, politics_status, address, mobile
<==        Row: 1, 校友7, 1111, null, null, null, null, 商学院, 团员, null, 12345678910
<==        Row: 44, 校友1, 1111, 男, 11, 11, 11, 商学院, 团员, 11, 12345678910
<==        Row: 45, 校友2, 456, 女, null, null, null, 商学院, 团员, null, 12345678910
<==        Row: 46, 校友3, 123, 男, null, null, null, 商学院, 团员, null, 12345678910
<==        Row: 52, 校友8, 1111, null, null, null, null, 商学院, 团员, null, 12345678910
<==        Row: 53, 12, 1111, null, null, null, null, 商学院, 团员, null, 12345678910
<==        Row: 54, 张括, Zk921022, 男, 22级管理科学与工程班, 2022, 2026,  信息管理与信息系统,  , null, 12345678910
<==      Total: 7
Closing non transactional SqlSession [org.apache.ibatis.session.defaults.DefaultSqlSession@4fafd27e]
[Alumni(id=1, name=校友7, password=1111, sex=null, nativePlace=null, enrollmentYear=null, graduatedYear=null, graduatedDepartment=商学院, politicsStatus=团员, address=null, mobile=12345678910), Alumni(id=44, name=校友1, password=1111, sex=男, nativePlace=11, enrollmentYear=11, graduatedYear=11, graduatedDepartment=商学院, politicsStatus=团员, address=11, mobile=12345678910), Alumni(id=45, name=校友2, password=456, sex=女, nativePlace=null, enrollmentYear=null, graduatedYear=null, graduatedDepartment=商学院, politicsStatus=团员, address=null, mobile=12345678910), Alumni(id=46, name=校友3, password=123, sex=男, nativePlace=null, enrollmentYear=null, graduatedYear=null, graduatedDepartment=商学院, politicsStatus=团员, address=null, mobile=12345678910), Alumni(id=52, name=校友8, password=1111, sex=null, nativePlace=null, enrollmentYear=null, graduatedYear=null, graduatedDepartment=商学院, politicsStatus=团员, address=null, mobile=12345678910), Alumni(id=53, name=12, password=1111, sex=null, nativePlace=null, enrollmentYear=null, graduatedYear=null, graduatedDepartment=商学院, politicsStatus=团员, address=null, mobile=12345678910), Alumni(id=54, name=张括, password=Zk921022, sex=男, nativePlace=22级管理科学与工程班, enrollmentYear=2022, graduatedYear=2026, graduatedDepartment= 信息管理与信息系统, politicsStatus= , address=null, mobile=12345678910)]
]]></system-out>
  </testcase>
</testsuite>